Caso 1:
2
2
2
2
2
2
1
1
2
2
2
1
2
2
2
2
1
2
2
0
2

Caso 2:
1
2
2
1
1
1
2
2
1
1
1

Caso 3:
0
0
0
0
0
1
0
0
0
0
1
0
0
0
1
2
0
0
0
0
0
0
0
0
0
0
0
1
0
0
0
0
0
0
0
1
0
0

Caso 4:
1
1
1
1
3
1
1
1
2
0
2
2
1
2
2
2
1
1
2
1
2
1
1
1
2
2
1
2
2
1
1
2
2
0
0
1
1
2
2

Caso 5:
2
2
3

Caso 6:
0
0
0
0
0
0
0
0
0
1
0
0
1
0
0
0
0
0
0
0
0
0
0
1
1

Caso 7:
2
1
1
2
2
1
1
2
2
2
2
1
1
1
1
2
1
3
1
1
3
2
1
1
1
1
1
1
2
0
1
1
1

Caso 8:
1
1
3
2
1
2
2
2
1
2
2
1
2
2
2
1
2
2
2
4
3
2
2
2
1
2
2
2
2
3
2
2
2
1

Caso 9:
2
1
1
1
1
1
1
2
2
1
2
1
1
2
1
0
2
1
2
0
1
1
2
2
1
1
2
1
1
0
1
0
1
1
2
0
0
1
1
1
2
2
2
2
1
1

Caso 10:
0
0
0
0
0
0
0
0
0
0
0
0
0
0
0
0
0
0
0
0
0
0
0
0

